DEBUG   |190217 19:02:28|Fetching filter data from database
DEBUG   |190217 19:02:28|Loading filters
DEBUG   |190217 19:02:28|-- Loading filter Directories
DEBUG   |190217 19:02:28|-- Loading filter Extradirs
DEBUG   |190217 19:02:28|-- Loading filter Files
DEBUG   |190217 19:02:28|-- Loading filter Incremental
DEBUG   |190217 19:02:28|-- Loading filter Multidb
DEBUG   |190217 19:02:28|-- Loading filter Regexdirectories
DEBUG   |190217 19:02:28|-- Loading filter Regexfiles
DEBUG   |190217 19:02:28|-- Loading filter Regexskipdirs
DEBUG   |190217 19:02:28|-- Loading filter Regexskipfiles
DEBUG   |190217 19:02:28|-- Loading filter Regextabledata
DEBUG   |190217 19:02:28|-- Loading filter Regextables
DEBUG   |190217 19:02:28|-- Loading filter Skipdirs
DEBUG   |190217 19:02:28|-- Loading filter Skipfiles
DEBUG   |190217 19:02:28|-- Loading filter Tabledata
DEBUG   |190217 19:02:28|-- Loading filter Tables
DEBUG   |190217 19:02:28|-- Loading filter Cvsfolders
DEBUG   |190217 19:02:28|-- Loading filter Excludefiles
DEBUG   |190217 19:02:28|-- Loading filter Excludefolders
DEBUG   |190217 19:02:28|-- Loading filter Excludetabledata
DEBUG   |190217 19:02:28|-- Loading filter Joomlaskipdirs
DEBUG   |190217 19:02:28|-- Loading filter Joomlaskipfiles
DEBUG   |190217 19:02:28|-- Loading filter Libraries
DEBUG   |190217 19:02:28|-- Loading filter Sitedb
DEBUG   |190217 19:02:28|-- Loading filter Siteroot
DEBUG   |190217 19:02:28|-- Loading filter Systemcachefiles
DEBUG   |190217 19:02:28|Loading optional filters
DEBUG   |190217 19:02:28|-- Loading optional filter Stack\StackErrorlogs
DEBUG   |190217 19:02:28|-- Loading optional filter Stack\StackHoststats
DEBUG   |190217 19:02:28|-- Loading optional filter Stack\StackActionlogs
DEBUG   |190217 19:02:28|-- Loading optional filter Stack\StackFinder
DEBUG   |190217 19:02:28|-- Loading optional filter Stack\StackMyjoomla
DEBUG   |190218 19:31:24|Fetching filter data from database
DEBUG   |190218 19:31:24|Loading filters
DEBUG   |190218 19:31:24|-- Loading filter Directories
DEBUG   |190218 19:31:25|-- Loading filter Extradirs
DEBUG   |190218 19:31:25|-- Loading filter Files
DEBUG   |190218 19:31:25|-- Loading filter Incremental
DEBUG   |190218 19:31:25|-- Loading filter Multidb
DEBUG   |190218 19:31:25|-- Loading filter Regexdirectories
DEBUG   |190218 19:31:25|-- Loading filter Regexfiles
DEBUG   |190218 19:31:25|-- Loading filter Regexskipdirs
DEBUG   |190218 19:31:25|-- Loading filter Regexskipfiles
DEBUG   |190218 19:31:25|-- Loading filter Regextabledata
DEBUG   |190218 19:31:25|-- Loading filter Regextables
DEBUG   |190218 19:31:25|-- Loading filter Skipdirs
DEBUG   |190218 19:31:25|-- Loading filter Skipfiles
DEBUG   |190218 19:31:25|-- Loading filter Tabledata
DEBUG   |190218 19:31:25|-- Loading filter Tables
DEBUG   |190218 19:31:25|-- Loading filter Cvsfolders
DEBUG   |190218 19:31:25|-- Loading filter Excludefiles
DEBUG   |190218 19:31:25|-- Loading filter Excludefolders
DEBUG   |190218 19:31:25|-- Loading filter Excludetabledata
DEBUG   |190218 19:31:25|-- Loading filter Joomlaskipdirs
DEBUG   |190218 19:31:25|-- Loading filter Joomlaskipfiles
DEBUG   |190218 19:31:25|-- Loading filter Libraries
DEBUG   |190218 19:31:25|-- Loading filter Sitedb
DEBUG   |190218 19:31:25|-- Loading filter Siteroot
DEBUG   |190218 19:31:25|-- Loading filter Systemcachefiles
DEBUG   |190218 19:31:25|Loading optional filters
DEBUG   |190218 19:31:25|-- Loading optional filter Stack\StackErrorlogs
DEBUG   |190218 19:31:25|-- Loading optional filter Stack\StackHoststats
DEBUG   |190218 19:31:25|-- Loading optional filter Stack\StackActionlogs
DEBUG   |190218 19:31:25|-- Loading optional filter Stack\StackFinder
DEBUG   |190218 19:31:25|-- Loading optional filter Stack\StackMyjoomla
DEBUG   |190218 19:31:50|Fetching filter data from database
DEBUG   |190218 19:31:50|Loading filters
DEBUG   |190218 19:31:50|-- Loading filter Directories
DEBUG   |190218 19:31:50|-- Loading filter Extradirs
DEBUG   |190218 19:31:50|-- Loading filter Files
DEBUG   |190218 19:31:50|-- Loading filter Incremental
DEBUG   |190218 19:31:50|-- Loading filter Multidb
DEBUG   |190218 19:31:50|-- Loading filter Regexdirectories
DEBUG   |190218 19:31:50|-- Loading filter Regexfiles
DEBUG   |190218 19:31:50|-- Loading filter Regexskipdirs
DEBUG   |190218 19:31:50|-- Loading filter Regexskipfiles
DEBUG   |190218 19:31:50|-- Loading filter Regextabledata
DEBUG   |190218 19:31:50|-- Loading filter Regextables
DEBUG   |190218 19:31:50|-- Loading filter Skipdirs
DEBUG   |190218 19:31:50|-- Loading filter Skipfiles
DEBUG   |190218 19:31:50|-- Loading filter Tabledata
DEBUG   |190218 19:31:50|-- Loading filter Tables
DEBUG   |190218 19:31:50|-- Loading filter Cvsfolders
DEBUG   |190218 19:31:50|-- Loading filter Excludefiles
DEBUG   |190218 19:31:50|-- Loading filter Excludefolders
DEBUG   |190218 19:31:50|-- Loading filter Excludetabledata
DEBUG   |190218 19:31:50|-- Loading filter Joomlaskipdirs
DEBUG   |190218 19:31:50|-- Loading filter Joomlaskipfiles
DEBUG   |190218 19:31:50|-- Loading filter Libraries
DEBUG   |190218 19:31:50|-- Loading filter Sitedb
DEBUG   |190218 19:31:50|-- Loading filter Siteroot
DEBUG   |190218 19:31:50|-- Loading filter Systemcachefiles
DEBUG   |190218 19:31:50|Loading optional filters
DEBUG   |190218 19:31:50|-- Loading optional filter Stack\StackErrorlogs
DEBUG   |190218 19:31:50|-- Loading optional filter Stack\StackHoststats
DEBUG   |190218 19:31:50|-- Loading optional filter Stack\StackActionlogs
DEBUG   |190218 19:31:50|-- Loading optional filter Stack\StackFinder
DEBUG   |190218 19:31:50|-- Loading optional filter Stack\StackMyjoomla
